2024-05-18 23:35:15.599 INFO  (main) [c: s: r: x: t:] o.e.j.s.Server jetty-10.0.20; built: 2024-01-29T20:46:45.278Z; git: 3a745c71c23682146f262b99f4ddc4c1bc41630c; jvm 11.0.23+9-LTS
2024-05-18 23:35:16.617 WARN  (main) [c: s: r: x: t:] o.e.j.u.DeprecationWarning Using @Deprecated Class org.eclipse.jetty.servlet.listener.ELContextCleaner
2024-05-18 23:35:16.736 INFO  (main) [c: s: r: x: t:] o.a.s.s.CoreContainerProvider Using logger factory org.apache.logging.slf4j.Log4jLoggerFactory
2024-05-18 23:35:16.784 INFO  (main) [c: s: r: x: t:] o.a.s.s.CoreContainerProvider  ___      _       Welcome to Apache Solr™ version 9.6.0
2024-05-18 23:35:16.788 INFO  (main) [c: s: r: x: t:] o.a.s.s.CoreContainerProvider / __| ___| |_ _   Starting in standalone mode on port 8983
2024-05-18 23:35:16.791 INFO  (main) [c: s: r: x: t:] o.a.s.s.CoreContainerProvider \__ \/ _ \ | '_|  Install dir: /home/cvm_owenk/downloads/solr-9.6.0
2024-05-18 23:35:16.792 INFO  (main) [c: s: r: x: t:] o.a.s.s.CoreContainerProvider |___/\___/_|_|    Start time: 2024-05-18T23:35:16.792359Z
2024-05-18 23:35:16.803 INFO  (main) [c: s: r: x: t:] o.a.s.s.CoreContainerProvider Solr started with "-XX:+CrashOnOutOfMemoryError" that will crash on any OutOfMemoryError exception. The cause of the OOME will be logged in the crash file at the following path: /home/cvm_owenk/downloads/solr-9.6.0/server/logs/jvm_crash_11814.log
2024-05-18 23:35:16.926 INFO  (main) [c: s: r: x: t:] o.a.s.s.CoreContainerProvider Solr Home: /home/cvm_owenk/downloads/solr-9.6.0 (source: system property: solr.solr.home)
2024-05-18 23:35:16.964 INFO  (main) [c: s: r: x: t:] o.a.s.c.SolrXmlConfig solr.xml not found in SOLR_HOME, using built-in default
2024-05-18 23:35:16.969 INFO  (main) [c: s: r: x: t:] o.a.s.c.SolrXmlConfig Loading solr.xml from /home/cvm_owenk/downloads/solr-9.6.0/server/solr/solr.xml
2024-05-18 23:35:17.082 INFO  (main) [c: s: r: x: t:] o.a.s.c.SolrResourceLoader Added 1 libs to classloader, from paths: [/home/cvm_owenk/downloads/solr-9.6.0/lib]
2024-05-18 23:35:17.084 INFO  (main) [c: s: r: x: t:] o.a.s.c.SolrResourceLoader Added 1 libs to classloader, from paths: [/home/cvm_owenk/downloads/solr-9.6.0/lib]
2024-05-18 23:35:19.176 INFO  (main) [c: s: r: x: t:] o.a.s.u.t.SimplePropagator Always-on trace id generation enabled.
2024-05-18 23:35:19.980 WARN  (main) [c: s: r: x: t:] o.a.s.u.StartupLoggingUtils Jetty request logging enabled. Will retain logs for last 3 days. See chapter "Configuring Logging" in reference guide for how to configure.
2024-05-18 23:35:19.991 WARN  (main) [c: s: r: x: t:] o.a.s.c.CoreContainer Not all security plugins configured!  authentication=disabled authorization=disabled.  Solr is only as secure as you make it. Consider configuring authentication/authorization before exposing Solr to users internal or external.  See https://s.apache.org/solrsecurity for more info
2024-05-18 23:35:20.804 INFO  (main) [c: s: r: x: t:] o.a.s.c.CorePropertiesLocator Found 3 core definitions underneath /home/cvm_owenk/downloads/solr-9.6.0
2024-05-18 23:35:20.807 INFO  (main) [c: s: r: x: t:] o.a.s.c.CorePropertiesLocator Cores are: [techproducts_shard1_replica_n3, techproducts_shard2_replica_n7, nutch]
2024-05-18 23:35:20.854 ERROR (coreLoadExecutor-11-thread-1) [c: s: r: x:techproducts_shard1_replica_n3 t:] o.a.s.c.CoreContainer SolrCore failed to load on startup => org.apache.solr.common.SolrException: Unable to create core [techproducts_shard1_replica_n3]
	at org.apache.solr.core.CoreContainer.createFromDescriptor(CoreContainer.java:1750)
org.apache.solr.common.SolrException: Unable to create core [techproducts_shard1_replica_n3]
	at org.apache.solr.core.CoreContainer.createFromDescriptor(CoreContainer.java:1750) ~[?:?]
	at org.apache.solr.core.CoreContainer.lambda$loadInternal$12(CoreContainer.java:1057) ~[?:?]
	at com.codahale.metrics.InstrumentedExecutorService$InstrumentedRunnable.run(InstrumentedExecutorService.java:212) ~[metrics-core-4.2.25.jar:4.2.25]
	at java.base/java.util.concurrent.Executors$RunnableAdapter.call(Executors.java:515) ~[?:?]
	at java.base/java.util.concurrent.FutureTask.run(FutureTask.java:264) ~[?:?]
	at org.apache.solr.common.util.ExecutorUtil$MDCAwareThreadPoolExecutor.lambda$execute$0(ExecutorUtil.java:312) ~[?:?]
	at java.base/java.util.concurrent.ThreadPoolExecutor.runWorker(ThreadPoolExecutor.java:1128) ~[?:?]
	at java.base/java.util.concurrent.ThreadPoolExecutor$Worker.run(ThreadPoolExecutor.java:628) ~[?:?]
	at java.base/java.lang.Thread.run(Thread.java:829) [?:?]
Caused by: org.apache.solr.common.SolrException: Could not load conf for core techproducts_shard1_replica_n3: Error loading solr config from /home/cvm_owenk/downloads/solr-9.6.0/example/cloud/node1/solr/techproducts_shard1_replica_n3/conf/solrconfig.xml
	at org.apache.solr.core.ConfigSetService.loadConfigSet(ConfigSetService.java:278) ~[?:?]
	at org.apache.solr.core.CoreContainer.createFromDescriptor(CoreContainer.java:1707) ~[?:?]
	... 8 more
Caused by: org.apache.solr.common.SolrException: Error loading solr config from /home/cvm_owenk/downloads/solr-9.6.0/example/cloud/node1/solr/techproducts_shard1_replica_n3/conf/solrconfig.xml
	at org.apache.solr.core.SolrConfig.readFromResourceLoader(SolrConfig.java:161) ~[?:?]
	at org.apache.solr.core.ConfigSetService.createSolrConfig(ConfigSetService.java:309) ~[?:?]
	at org.apache.solr.core.ConfigSetService.loadConfigSet(ConfigSetService.java:262) ~[?:?]
	at org.apache.solr.core.CoreContainer.createFromDescriptor(CoreContainer.java:1707) ~[?:?]
	... 8 more
Caused by: org.apache.solr.common.SolrException: org.apache.solr.core.SolrResourceNotFoundException: Can't find resource 'solrconfig.xml' in classpath or '/home/cvm_owenk/downloads/solr-9.6.0/example/cloud/node1/solr/techproducts_shard1_replica_n3'
	at org.apache.solr.core.SolrConfig.readXml(SolrConfig.java:406) ~[?:?]
	at org.apache.solr.core.SolrConfig.lambda$new$1(SolrConfig.java:225) ~[?:?]
	at org.apache.solr.schema.IndexSchemaFactory.getFromCache(IndexSchemaFactory.java:191) ~[?:?]
	at org.apache.solr.core.SolrConfig.<init>(SolrConfig.java:218) ~[?:?]
	at org.apache.solr.core.SolrConfig.readFromResourceLoader(SolrConfig.java:153) ~[?:?]
	at org.apache.solr.core.ConfigSetService.createSolrConfig(ConfigSetService.java:309) ~[?:?]
	at org.apache.solr.core.ConfigSetService.loadConfigSet(ConfigSetService.java:262) ~[?:?]
	at org.apache.solr.core.CoreContainer.createFromDescriptor(CoreContainer.java:1707) ~[?:?]
	... 8 more
Caused by: org.apache.solr.core.SolrResourceNotFoundException: Can't find resource 'solrconfig.xml' in classpath or '/home/cvm_owenk/downloads/solr-9.6.0/example/cloud/node1/solr/techproducts_shard1_replica_n3'
	at org.apache.solr.core.SolrResourceLoader.openResource(SolrResourceLoader.java:383) ~[?:?]
	at org.apache.solr.core.SolrConfig.readXml(SolrConfig.java:399) ~[?:?]
	at org.apache.solr.core.SolrConfig.lambda$new$1(SolrConfig.java:225) ~[?:?]
	at org.apache.solr.schema.IndexSchemaFactory.getFromCache(IndexSchemaFactory.java:191) ~[?:?]
	at org.apache.solr.core.SolrConfig.<init>(SolrConfig.java:218) ~[?:?]
	at org.apache.solr.core.SolrConfig.readFromResourceLoader(SolrConfig.java:153) ~[?:?]
	at org.apache.solr.core.ConfigSetService.createSolrConfig(ConfigSetService.java:309) ~[?:?]
	at org.apache.solr.core.ConfigSetService.loadConfigSet(ConfigSetService.java:262) ~[?:?]
	at org.apache.solr.core.CoreContainer.createFromDescriptor(CoreContainer.java:1707) ~[?:?]
	... 8 more
2024-05-18 23:35:20.862 ERROR (coreLoadExecutor-11-thread-2) [c: s: r: x:techproducts_shard2_replica_n7 t:] o.a.s.c.CoreContainer SolrCore failed to load on startup => org.apache.solr.common.SolrException: Unable to create core [techproducts_shard2_replica_n7]
	at org.apache.solr.core.CoreContainer.createFromDescriptor(CoreContainer.java:1750)
org.apache.solr.common.SolrException: Unable to create core [techproducts_shard2_replica_n7]
	at org.apache.solr.core.CoreContainer.createFromDescriptor(CoreContainer.java:1750) ~[?:?]
	at org.apache.solr.core.CoreContainer.lambda$loadInternal$12(CoreContainer.java:1057) ~[?:?]
	at com.codahale.metrics.InstrumentedExecutorService$InstrumentedRunnable.run(InstrumentedExecutorService.java:212) ~[metrics-core-4.2.25.jar:4.2.25]
	at java.base/java.util.concurrent.Executors$RunnableAdapter.call(Executors.java:515) ~[?:?]
	at java.base/java.util.concurrent.FutureTask.run(FutureTask.java:264) ~[?:?]
	at org.apache.solr.common.util.ExecutorUtil$MDCAwareThreadPoolExecutor.lambda$execute$0(ExecutorUtil.java:312) ~[?:?]
	at java.base/java.util.concurrent.ThreadPoolExecutor.runWorker(ThreadPoolExecutor.java:1128) ~[?:?]
	at java.base/java.util.concurrent.ThreadPoolExecutor$Worker.run(ThreadPoolExecutor.java:628) ~[?:?]
	at java.base/java.lang.Thread.run(Thread.java:829) [?:?]
Caused by: org.apache.solr.common.SolrException: Could not load conf for core techproducts_shard2_replica_n7: Error loading solr config from /home/cvm_owenk/downloads/solr-9.6.0/example/cloud/node1/solr/techproducts_shard2_replica_n7/conf/solrconfig.xml
	at org.apache.solr.core.ConfigSetService.loadConfigSet(ConfigSetService.java:278) ~[?:?]
	at org.apache.solr.core.CoreContainer.createFromDescriptor(CoreContainer.java:1707) ~[?:?]
	... 8 more
Caused by: org.apache.solr.common.SolrException: Error loading solr config from /home/cvm_owenk/downloads/solr-9.6.0/example/cloud/node1/solr/techproducts_shard2_replica_n7/conf/solrconfig.xml
	at org.apache.solr.core.SolrConfig.readFromResourceLoader(SolrConfig.java:161) ~[?:?]
	at org.apache.solr.core.ConfigSetService.createSolrConfig(ConfigSetService.java:309) ~[?:?]
	at org.apache.solr.core.ConfigSetService.loadConfigSet(ConfigSetService.java:262) ~[?:?]
	at org.apache.solr.core.CoreContainer.createFromDescriptor(CoreContainer.java:1707) ~[?:?]
	... 8 more
Caused by: org.apache.solr.common.SolrException: org.apache.solr.core.SolrResourceNotFoundException: Can't find resource 'solrconfig.xml' in classpath or '/home/cvm_owenk/downloads/solr-9.6.0/example/cloud/node1/solr/techproducts_shard2_replica_n7'
	at org.apache.solr.core.SolrConfig.readXml(SolrConfig.java:406) ~[?:?]
	at org.apache.solr.core.SolrConfig.lambda$new$1(SolrConfig.java:225) ~[?:?]
	at org.apache.solr.schema.IndexSchemaFactory.getFromCache(IndexSchemaFactory.java:191) ~[?:?]
	at org.apache.solr.core.SolrConfig.<init>(SolrConfig.java:218) ~[?:?]
	at org.apache.solr.core.SolrConfig.readFromResourceLoader(SolrConfig.java:153) ~[?:?]
	at org.apache.solr.core.ConfigSetService.createSolrConfig(ConfigSetService.java:309) ~[?:?]
	at org.apache.solr.core.ConfigSetService.loadConfigSet(ConfigSetService.java:262) ~[?:?]
	at org.apache.solr.core.CoreContainer.createFromDescriptor(CoreContainer.java:1707) ~[?:?]
	... 8 more
Caused by: org.apache.solr.core.SolrResourceNotFoundException: Can't find resource 'solrconfig.xml' in classpath or '/home/cvm_owenk/downloads/solr-9.6.0/example/cloud/node1/solr/techproducts_shard2_replica_n7'
	at org.apache.solr.core.SolrResourceLoader.openResource(SolrResourceLoader.java:383) ~[?:?]
	at org.apache.solr.core.SolrConfig.readXml(SolrConfig.java:399) ~[?:?]
	at org.apache.solr.core.SolrConfig.lambda$new$1(SolrConfig.java:225) ~[?:?]
	at org.apache.solr.schema.IndexSchemaFactory.getFromCache(IndexSchemaFactory.java:191) ~[?:?]
	at org.apache.solr.core.SolrConfig.<init>(SolrConfig.java:218) ~[?:?]
	at org.apache.solr.core.SolrConfig.readFromResourceLoader(SolrConfig.java:153) ~[?:?]
	at org.apache.solr.core.ConfigSetService.createSolrConfig(ConfigSetService.java:309) ~[?:?]
	at org.apache.solr.core.ConfigSetService.loadConfigSet(ConfigSetService.java:262) ~[?:?]
	at org.apache.solr.core.CoreContainer.createFromDescriptor(CoreContainer.java:1707) ~[?:?]
	... 8 more
2024-05-18 23:35:20.949 INFO  (coreLoadExecutor-11-thread-3) [c: s: r: x:nutch t:] o.a.s.c.SolrConfig Using Lucene MatchVersion: 9.10.0
2024-05-18 23:35:21.221 INFO  (coreLoadExecutor-11-thread-3) [c: s: r: x:nutch t:] o.a.s.s.IndexSchema Schema name=nutch
2024-05-18 23:35:21.318 WARN  (coreLoadExecutor-11-thread-3) [c: s: r: x:nutch t:] o.a.s.D.s.TrieDateField Solr loaded a deprecated plugin/analysis class [solr.TrieDateField]. Please consult documentation how to replace it accordingly.
2024-05-18 23:35:21.350 WARN  (coreLoadExecutor-11-thread-3) [c: s: r: x:nutch t:] o.a.s.D.s.TrieDoubleField Solr loaded a deprecated plugin/analysis class [solr.TrieDoubleField]. Please consult documentation how to replace it accordingly.
2024-05-18 23:35:21.353 WARN  (coreLoadExecutor-11-thread-3) [c: s: r: x:nutch t:] o.a.s.D.s.TrieFloatField Solr loaded a deprecated plugin/analysis class [solr.TrieFloatField]. Please consult documentation how to replace it accordingly.
2024-05-18 23:35:21.364 WARN  (coreLoadExecutor-11-thread-3) [c: s: r: x:nutch t:] o.a.s.D.s.TrieIntField Solr loaded a deprecated plugin/analysis class [solr.TrieIntField]. Please consult documentation how to replace it accordingly.
2024-05-18 23:35:21.398 WARN  (coreLoadExecutor-11-thread-3) [c: s: r: x:nutch t:] o.a.s.D.s.TrieLongField Solr loaded a deprecated plugin/analysis class [solr.TrieLongField]. Please consult documentation how to replace it accordingly.
2024-05-18 23:35:21.458 WARN  (coreLoadExecutor-11-thread-3) [c: s: r: x:nutch t:] o.a.s.D.s.SynonymFilterFactory Solr loaded a deprecated plugin/analysis class [solr.SynonymFilterFactory]. Please consult documentation how to replace it accordingly.
2024-05-18 23:35:21.463 WARN  (coreLoadExecutor-11-thread-3) [c: s: r: x:nutch t:] o.a.s.D.s.WordDelimiterFilterFactory Solr loaded a deprecated plugin/analysis class [solr.WordDelimiterFilterFactory]. Please consult documentation how to replace it accordingly.
2024-05-18 23:35:21.739 WARN  (main) [c: s: r: x: t:] o.g.j.m.i.MessagingBinders A class jakarta.activation.DataSource for a default provider MessageBodyWriter<jakarta.activation.DataSource> was not found. The provider is not available.
2024-05-18 23:35:21.842 INFO  (coreLoadExecutor-11-thread-3) [c: s: r: x:nutch t:] o.a.s.s.IndexSchema Loaded schema nutch/1.6 with uniqueid field id
2024-05-18 23:35:21.908 INFO  (coreLoadExecutor-11-thread-3) [c: s: r: x:nutch t:] o.a.s.c.CoreContainer Creating SolrCore 'nutch' using configuration from instancedir /home/cvm_owenk/downloads/solr-9.6.0/server/solr/nutch, trusted=true
2024-05-18 23:35:22.058 INFO  (coreLoadExecutor-11-thread-3) [c: s: r: x:nutch t:] o.a.s.c.SolrCore Opening new SolrCore at [/home/cvm_owenk/downloads/solr-9.6.0/server/solr/nutch], dataDir=[/home/cvm_owenk/downloads/solr-9.6.0/server/solr/nutch/data/]
2024-05-18 23:35:23.006 INFO  (main) [c: s: r: x: t:] o.a.s.j.SolrRequestAuthorizer Creating a new SolrRequestAuthorizer
2024-05-18 23:35:23.572 INFO  (main) [c: s: r: x: t:] o.e.j.s.h.ContextHandler Started o.e.j.w.WebAppContext@467f77a5{solr-jetty-context.xml,/solr,file:///home/cvm_owenk/downloads/solr-9.6.0/server/solr-webapp/webapp/,AVAILABLE}{/home/cvm_owenk/downloads/solr-9.6.0/server/solr-webapp/webapp}
2024-05-18 23:35:23.628 INFO  (main) [c: s: r: x: t:] o.e.j.s.RequestLogWriter Opened /home/cvm_owenk/downloads/solr-9.6.0/server/logs/2024_05_18.request.log
2024-05-18 23:35:23.642 INFO  (main) [c: s: r: x: t:] o.e.j.s.AbstractConnector Started ServerConnector@5d465e4b{HTTP/1.1, (http/1.1, h2c)}{127.0.0.1:8983}
2024-05-18 23:35:23.645 INFO  (main) [c: s: r: x: t:] o.e.j.s.Server Started Server@6bab2585{STARTING}[10.0.20,sto=0] @11470ms
2024-05-18 23:35:24.233 INFO  (coreLoadExecutor-11-thread-3) [c: s: r: x:nutch t:] o.a.s.j.SolrRequestAuthorizer Creating a new SolrRequestAuthorizer
2024-05-18 23:35:24.286 INFO  (coreLoadExecutor-11-thread-3) [c: s: r: x:nutch t:] o.a.s.u.UpdateHandler Using UpdateLog implementation: org.apache.solr.update.UpdateLog
2024-05-18 23:35:24.286 INFO  (coreLoadExecutor-11-thread-3) [c: s: r: x:nutch t:] o.a.s.u.UpdateLog Initializing UpdateLog: dataDir= defaultSyncLevel=FLUSH numRecordsToKeep=100 maxNumLogsToKeep=10 numVersionBuckets=65536
2024-05-18 23:35:24.334 INFO  (coreLoadExecutor-11-thread-3) [c: s: r: x:nutch t:] o.a.s.u.CommitTracker Hard AutoCommit: if uncommitted for 15000ms; 
2024-05-18 23:35:24.341 INFO  (coreLoadExecutor-11-thread-3) [c: s: r: x:nutch t:] o.a.s.u.CommitTracker Soft AutoCommit: if uncommitted for 3000ms; 
2024-05-18 23:35:24.692 INFO  (coreLoadExecutor-11-thread-3) [c: s: r: x:nutch t:] o.a.s.r.ManagedResourceStorage File-based storage initialized to use dir: /home/cvm_owenk/downloads/solr-9.6.0/server/solr/nutch/conf
2024-05-18 23:35:24.734 INFO  (coreLoadExecutor-11-thread-3) [c: s: r: x:nutch t:] o.a.s.s.DirectSolrSpellChecker init: {accuracy=0.5, maxQueryFrequency=0.01, name=default, field=_text_, classname=solr.DirectSolrSpellChecker, distanceMeasure=internal, maxEdits=2, minPrefix=1, maxInspections=5, minQueryLength=4}
2024-05-18 23:35:24.757 INFO  (coreLoadExecutor-11-thread-3) [c: s: r: x:nutch t:] o.a.s.h.ReplicationHandler Commits will be reserved for 10000 ms
2024-05-18 23:35:24.762 INFO  (searcherExecutor-13-thread-1-processing-nutch) [c: s: r: x:nutch t:] o.a.s.c.QuerySenderListener QuerySenderListener done.
2024-05-18 23:35:24.763 INFO  (searcherExecutor-13-thread-1-processing-nutch) [c: s: r: x:nutch t:] o.a.s.h.c.SpellCheckComponent Loading spell index for spellchecker: default
2024-05-18 23:35:24.782 INFO  (searcherExecutor-13-thread-1-processing-nutch) [c: s: r: x:nutch t:] o.a.s.c.SolrCore Registered new searcher autowarm time: 0 ms
2024-05-18 23:35:48.942 INFO  (qtp840514538-58-localhost-4) [c: s: r: x: t:localhost-4] o.a.s.s.HttpSolrCall [admin] webapp=null path=/admin/cores params={indexInfo=false&wt=json&_=1716075348370} status=0 QTime=9
2024-05-18 23:35:48.952 INFO  (qtp840514538-14-localhost-2) [c: s: r: x: t:localhost-2] o.a.s.s.HttpSolrCall [admin] webapp=null path=/admin/info/system params={wt=json&_=1716075348370} status=0 QTime=183
2024-05-18 23:35:48.953 INFO  (qtp840514538-51-localhost-3) [c: s: r: x: t:localhost-3] o.a.s.s.HttpSolrCall [admin] webapp=null path=/admin/info/system params={wt=json&_=1716075348370} status=0 QTime=136
2024-05-18 23:35:59.603 INFO  (qtp840514538-68-localhost-6) [c: s: r: x: t:localhost-6] o.a.s.s.HttpSolrCall [admin] webapp=null path=/admin/cores params={indexInfo=false&wt=json&_=1716075348370} status=0 QTime=0
2024-05-18 23:35:59.626 INFO  (qtp840514538-57-localhost-9) [c: s: r: x:nutch t:localhost-9] o.a.s.c.S.Request webapp=/solr path=/admin/ping params={action=status&wt=json&_=1716075348370&ts=1716075348370} status=503 QTime=3
2024-05-18 23:35:59.639 INFO  (qtp840514538-59-localhost-7) [c: s: r: x:nutch t:localhost-7] o.a.s.c.S.Request webapp=/solr path=/admin/luke params={numTerms=0&show=index&wt=json&_=1716075359419} status=0 QTime=34
2024-05-18 23:35:59.650 INFO  (qtp840514538-88-localhost-5) [c: s: r: x: t:localhost-5] o.a.s.s.HttpSolrCall [admin] webapp=null path=/admin/info/system params={wt=json&_=1716075348370} status=0 QTime=49
2024-05-18 23:35:59.671 INFO  (qtp840514538-66-localhost-8) [c: s: r: x:nutch t:localhost-8] o.a.s.c.S.Request webapp=/solr path=/admin/system params={wt=json&_=1716075359419} status=0 QTime=50
2024-05-18 23:35:59.703 INFO  (qtp840514538-16-localhost-10) [c: s: r: x:nutch t:localhost-10] o.a.s.c.S.Request webapp=/solr path=/replication params={wt=json&command=details&_=1716075359419} status=0 QTime=9
2024-05-18 23:38:06.672 INFO  (searcherExecutor-13-thread-2-processing-nutch) [c: s: r: x:nutch t:] o.a.s.c.QuerySenderListener QuerySenderListener done.
2024-05-18 23:38:06.745 INFO  (searcherExecutor-13-thread-2-processing-nutch) [c: s: r: x:nutch t:] o.a.s.c.SolrCore Registered new searcher autowarm time: 21 ms
2024-05-18 23:38:08.919 INFO  (qtp840514538-52-localhost-11) [c: s: r: x:nutch t:localhost-11] o.a.s.u.p.LogUpdateProcessorFactory webapp=/solr path=/update params={wt=javabin&version=2}{add=[http://blo.gs/ (1799435562187227136), http://epeus.blogspot.com/ (1799435562487119872), http://gmpg.org/ (1799435562580443136), http://gmpg.org/disclaimer (1799435562590928896), http://gmpg.org/efforts (1799435562594074624), http://gmpg.org/history (1799435562599317504), http://gmpg.org/principles (1799435562602463232), http://gmpg.org/xfn/ (1799435562610851840), http://gmpg.org/xfn/1 (1799435562622386176), http://gmpg.org/xfn/11 (1799435562624483328), ... (1000 adds)]} 0 9323
2024-05-18 23:38:09.754 INFO  (searcherExecutor-13-thread-2-processing-nutch) [c: s: r: x:nutch t:] o.a.s.c.QuerySenderListener QuerySenderListener done.
2024-05-18 23:38:09.805 INFO  (searcherExecutor-13-thread-2-processing-nutch) [c: s: r: x:nutch t:] o.a.s.c.SolrCore Registered new searcher autowarm time: 0 ms
2024-05-18 23:38:12.100 INFO  (searcherExecutor-13-thread-2-processing-nutch) [c: s: r: x:nutch t:] o.a.s.c.QuerySenderListener QuerySenderListener done.
2024-05-18 23:38:12.114 INFO  (searcherExecutor-13-thread-2-processing-nutch) [c: s: r: x:nutch t:] o.a.s.c.SolrCore Registered new searcher autowarm time: 0 ms
2024-05-18 23:38:16.137 INFO  (qtp840514538-46-localhost-12) [c: s: r: x:nutch t:localhost-12] o.a.s.u.p.LogUpdateProcessorFactory webapp=/solr path=/update params={wt=javabin&version=2}{add=[https://www.cfsph.iastate.edu/FastFacts/pdfs/dermatophilosis_F.pdf (1799435573943861248), https://www.cfsph.iastate.edu/FastFacts/pdfs/dermatophytosis_F.pdf (1799435573983707136), https://www.cfsph.iastate.edu/FastFacts/pdfs/easter_wester_venezuelan_equine_encephalomyelitis_F.pdf (1799435573984755712), https://www.cfsph.iastate.edu/FastFacts/pdfs/echinococcosis_F.pdf (1799435573996290048), https://www.cfsph.iastate.edu/FastFacts/pdfs/ecoli_F.pdf (1799435574007824384), https://www.cfsph.iastate.edu/FastFacts/pdfs/ehrlichiosis_F.pdf (1799435574021455872), https://www.cfsph.iastate.edu/FastFacts/pdfs/foot_and_mouth_disease_F.pdf (1799435574024601600), https://www.cfsph.iastate.edu/FastFacts/pdfs/giardiasis_F.pdf (1799435574043475968), https://www.cfsph.iastate.edu/FastFacts/pdfs/glanders_F.pdf (1799435574045573120), https://www.cfsph.iastate.edu/FastFacts/pdfs/hantavirus_F.pdf (1799435574053961728), ... (1000 adds)]} 0 5239
2024-05-18 23:38:16.186 INFO  (qtp840514538-94-localhost-13) [c: s: r: x:nutch t:localhost-13] o.a.s.u.p.LogUpdateProcessorFactory webapp=/solr path=/update params={wt=javabin&version=2}{add=[https://www.youtube.com/embed/G21QPrGrBzE (1799435579467759616), https://www.youtube.com/embed/HM-YZvV5gp0 (1799435579470905344), https://www.youtube.com/embed/JJHZCxhMuTw (1799435579471953920), https://www.youtube.com/embed/NrdMEmZ888M (1799435579471953921), https://www.youtube.com/embed/SkWIDtE796g (1799435579471953922), https://www.youtube.com/embed/U9ih8KaYWbA (1799435579471953923), https://www.youtube.com/embed/VKAqXdyFvfU (1799435579471953924), https://www.youtube.com/embed/WF-yilStxMI (1799435579471953925), https://www.youtube.com/embed/_wMNeVZ2nhc (1799435579473002496), https://www.youtube.com/embed/df-OC8W4H0M (1799435579474051072), ... (19 adds)]} 0 14
2024-05-18 23:38:16.532 INFO  (searcherExecutor-13-thread-2-processing-nutch) [c: s: r: x:nutch t:] o.a.s.c.QuerySenderListener QuerySenderListener done.
2024-05-18 23:38:16.587 INFO  (searcherExecutor-13-thread-2-processing-nutch) [c: s: r: x:nutch t:] o.a.s.c.SolrCore Registered new searcher autowarm time: 0 ms
2024-05-18 23:38:17.417 INFO  (searcherExecutor-13-thread-2-processing-nutch) [c: s: r: x:nutch t:] o.a.s.c.QuerySenderListener QuerySenderListener done.
2024-05-18 23:38:17.432 INFO  (searcherExecutor-13-thread-2-processing-nutch) [c: s: r: x:nutch t:] o.a.s.c.SolrCore Registered new searcher autowarm time: 0 ms
2024-05-18 23:38:17.545 INFO  (qtp840514538-94-localhost-14) [c: s: r: x:nutch t:localhost-14] o.a.s.u.p.LogUpdateProcessorFactory webapp=/solr path=/update params={waitSearcher=true&commit=true&softCommit=false&wt=javabin&version=2}{commit=} 0 1351
2024-05-18 23:38:17.553 INFO  (qtp840514538-94-localhost-15) [c: s: r: x:nutch t:localhost-15] o.a.s.u.p.LogUpdateProcessorFactory webapp=/solr path=/update params={waitSearcher=true&commit=true&softCommit=false&wt=javabin&version=2}{commit=} 0 2
2024-05-18 23:38:25.563 INFO  (qtp840514538-85-localhost-17) [c: s: r: x: t:localhost-17] o.a.s.s.HttpSolrCall [admin] webapp=null path=/admin/cores params={indexInfo=false&wt=json&_=1716075505354} status=0 QTime=3
2024-05-18 23:38:25.580 INFO  (qtp840514538-67-localhost-20) [c: s: r: x:nutch t:localhost-20] o.a.s.c.S.Request webapp=/solr path=/admin/ping params={action=status&wt=json&_=1716075505354&ts=1716075505354} status=503 QTime=0
2024-05-18 23:38:25.585 INFO  (qtp840514538-54-localhost-22) [c: s: r: x:nutch t:localhost-22] o.a.s.c.S.Request webapp=/solr path=/admin/luke params={numTerms=0&show=index&wt=json&_=1716075505380} status=0 QTime=1
2024-05-18 23:38:25.601 INFO  (qtp840514538-64-localhost-19) [c: s: r: x:nutch t:localhost-19] o.a.s.c.S.Request webapp=/solr path=/replication params={wt=json&command=details&_=1716075505380} status=0 QTime=21
2024-05-18 23:38:25.610 INFO  (qtp840514538-49-localhost-18) [c: s: r: x: t:localhost-18] o.a.s.s.HttpSolrCall [admin] webapp=null path=/admin/info/system params={wt=json&_=1716075505354} status=0 QTime=32
2024-05-18 23:38:25.609 INFO  (qtp840514538-80-localhost-21) [c: s: r: x:nutch t:localhost-21] o.a.s.c.S.Request webapp=/solr path=/admin/system params={wt=json&_=1716075505380} status=0 QTime=28
2024-05-18 23:39:10.322 INFO  (qtp840514538-22-localhost-24) [c: s: r: x: t:localhost-24] o.a.s.s.HttpSolrCall [admin] webapp=null path=/admin/cores params={indexInfo=false&wt=json&_=1716075505354} status=0 QTime=0
2024-05-18 23:39:10.341 INFO  (qtp840514538-79-localhost-23) [c: s: r: x:nutch t:localhost-23] o.a.s.c.S.Request webapp=/solr path=/config/params params={wt=json&_=1716075550118} status=0 QTime=20
2024-05-18 23:39:10.347 INFO  (qtp840514538-77-localhost-25) [c: s: r: x: t:localhost-25] o.a.s.s.HttpSolrCall [admin] webapp=null path=/admin/info/system params={wt=json&_=1716075505354} status=0 QTime=22
2024-05-18 23:39:13.613 INFO  (qtp840514538-55-localhost-29) [c: s: r: x: t:localhost-29] o.a.s.s.HttpSolrCall [admin] webapp=null path=/admin/cores params={indexInfo=false&wt=json&_=1716075505354} status=0 QTime=0
2024-05-18 23:39:13.614 INFO  (qtp840514538-76-localhost-30) [c: s: r: x:nutch t:localhost-30] o.a.s.c.S.Request webapp=/solr path=/admin/ping params={action=status&wt=json&_=1716075505354&ts=1716075505354} status=503 QTime=0
2024-05-18 23:39:13.633 INFO  (qtp840514538-20-localhost-31) [c: s: r: x:nutch t:localhost-31] o.a.s.c.S.Request webapp=/solr path=/admin/luke params={numTerms=0&show=index&wt=json&_=1716075505380} status=0 QTime=17
2024-05-18 23:39:13.635 INFO  (qtp840514538-65-localhost-27) [c: s: r: x:nutch t:localhost-27] o.a.s.c.S.Request webapp=/solr path=/replication params={wt=json&command=details&_=1716075505380} status=0 QTime=25
2024-05-18 23:39:13.657 INFO  (qtp840514538-75-localhost-28) [c: s: r: x: t:localhost-28] o.a.s.s.HttpSolrCall [admin] webapp=null path=/admin/info/system params={wt=json&_=1716075505354} status=0 QTime=44
2024-05-18 23:39:13.657 INFO  (qtp840514538-74-localhost-26) [c: s: r: x:nutch t:localhost-26] o.a.s.c.S.Request webapp=/solr path=/admin/system params={wt=json&_=1716075505380} status=0 QTime=38
2024-05-18 23:39:15.158 INFO  (qtp840514538-61-localhost-32) [c: s: r: x:nutch t:localhost-32] o.a.s.c.S.Request webapp=/solr path=/config/params params={wt=json&_=1716075550118} status=0 QTime=1
2024-05-18 23:39:15.160 INFO  (qtp840514538-78-localhost-34) [c: s: r: x: t:localhost-34] o.a.s.s.HttpSolrCall [admin] webapp=null path=/admin/cores params={indexInfo=false&wt=json&_=1716075505354} status=0 QTime=0
2024-05-18 23:39:15.176 INFO  (qtp840514538-43-localhost-33) [c: s: r: x: t:localhost-33] o.a.s.s.HttpSolrCall [admin] webapp=null path=/admin/info/system params={wt=json&_=1716075505354} status=0 QTime=19
2024-05-18 23:39:17.771 INFO  (qtp840514538-53-localhost-37) [c: s: r: x: t:localhost-37] o.a.s.s.HttpSolrCall [admin] webapp=null path=/admin/cores params={indexInfo=false&wt=json&_=1716075505354} status=0 QTime=3
2024-05-18 23:39:17.793 INFO  (qtp840514538-70-localhost-35) [c: s: r: x:nutch t:localhost-35] o.a.s.c.S.Request webapp=/solr path=/replication params={wt=json&command=details&_=1716075505380} status=0 QTime=25
2024-05-18 23:39:17.804 INFO  (qtp840514538-71-localhost-36) [c: s: r: x: t:localhost-36] o.a.s.s.HttpSolrCall [admin] webapp=null path=/admin/info/system params={wt=json&_=1716075505354} status=0 QTime=40
2024-05-18 23:39:19.301 INFO  (qtp840514538-19-localhost-38) [c: s: r: x:nutch t:localhost-38] o.a.s.c.S.Request webapp=/solr path=/admin/ping params={wt=json&_=1716075505354&ts=1716075505354} hits=2019 status=0 QTime=85
2024-05-18 23:39:19.302 INFO  (qtp840514538-19-localhost-38) [c: s: r: x:nutch t:localhost-38] o.a.s.c.S.Request webapp=/solr path=/admin/ping params={wt=json&_=1716075505354&ts=1716075505354} status=0 QTime=86
2024-05-18 23:39:20.209 INFO  (qtp840514538-17-localhost-39) [c: s: r: x:nutch t:localhost-39] o.a.s.c.S.Request webapp=/solr path=/admin/ping params={wt=json&_=1716075505354&ts=1716075505354} hits=2019 status=0 QTime=17
2024-05-18 23:39:20.209 INFO  (qtp840514538-17-localhost-39) [c: s: r: x:nutch t:localhost-39] o.a.s.c.S.Request webapp=/solr path=/admin/ping params={wt=json&_=1716075505354&ts=1716075505354} status=0 QTime=17
2024-05-18 23:39:21.388 INFO  (qtp840514538-91-localhost-40) [c: s: r: x: t:localhost-40] o.a.s.s.HttpSolrCall [admin] webapp=null path=/admin/cores params={indexInfo=false&wt=json&_=1716075505354} status=0 QTime=2
2024-05-18 23:39:21.413 INFO  (qtp840514538-69-localhost-42) [c: s: r: x: t:localhost-42] o.a.s.s.HttpSolrCall [admin] webapp=null path=/admin/info/system params={wt=json&_=1716075505354} status=0 QTime=18
2024-05-18 23:39:21.464 INFO  (qtp840514538-90-localhost-41) [c: s: r: x:nutch t:localhost-41] o.a.s.c.S.Request webapp=/solr path=/admin/mbeans params={stats=true&wt=json&_=1716075561207} status=0 QTime=71
2024-05-18 23:39:22.400 INFO  (qtp840514538-56-localhost-44) [c: s: r: x:nutch t:localhost-44] o.a.s.c.S.Request webapp=/solr path=/config/params params={wt=json&_=1716075550118} status=0 QTime=0
2024-05-18 23:39:22.401 INFO  (qtp840514538-21-localhost-45) [c: s: r: x: t:localhost-45] o.a.s.s.HttpSolrCall [admin] webapp=null path=/admin/cores params={indexInfo=false&wt=json&_=1716075505354} status=0 QTime=0
2024-05-18 23:39:22.423 INFO  (qtp840514538-48-localhost-43) [c: s: r: x: t:localhost-43] o.a.s.s.HttpSolrCall [admin] webapp=null path=/admin/info/system params={wt=json&_=1716075505354} status=0 QTime=25
2024-05-18 23:39:25.857 INFO  (qtp840514538-93-localhost-47) [c: s: r: x:nutch t:localhost-47] o.a.s.c.S.Request webapp=/solr path=/config/params params={wt=json&_=1716075550118} status=0 QTime=0
2024-05-18 23:39:25.860 INFO  (qtp840514538-92-localhost-49) [c: s: r: x: t:localhost-49] o.a.s.s.HttpSolrCall [admin] webapp=null path=/admin/cores params={indexInfo=false&wt=json&_=1716075505354} status=0 QTime=0
2024-05-18 23:39:25.863 INFO  (qtp840514538-89-localhost-48) [c: s: r: x:nutch t:localhost-48] o.a.s.c.S.Request webapp=/solr path=/select params={q=*:*&indent=true&q.op=OR&useParams=&_=1716075550118} hits=2019 status=0 QTime=3
2024-05-18 23:39:25.885 INFO  (qtp840514538-44-localhost-46) [c: s: r: x: t:localhost-46] o.a.s.s.HttpSolrCall [admin] webapp=null path=/admin/info/system params={wt=json&_=1716075505354} status=0 QTime=30
2024-05-18 23:40:32.611 INFO  (qtp840514538-55-localhost-52) [c: s: r: x: t:localhost-52] o.a.s.s.HttpSolrCall [admin] webapp=null path=/admin/cores params={indexInfo=false&wt=json&_=1716075632370} status=0 QTime=3
2024-05-18 23:40:32.613 INFO  (qtp840514538-87-localhost-51) [c: s: r: x:nutch t:localhost-51] o.a.s.c.S.Request webapp=/solr path=/config/params params={wt=json&_=1716075632406} status=0 QTime=0
2024-05-18 23:40:32.614 INFO  (qtp840514538-77-localhost-54) [c: s: r: x:nutch t:localhost-54] o.a.s.c.S.Request webapp=/solr path=/select params={q=*:*&indent=true&q.op=OR&useParams=&_=1716075632406} hits=2019 status=0 QTime=5
2024-05-18 23:40:32.630 INFO  (qtp840514538-76-localhost-53) [c: s: r: x: t:localhost-53] o.a.s.s.HttpSolrCall [admin] webapp=null path=/admin/info/system params={wt=json&_=1716075632370} status=0 QTime=22
